# JRE version: Java(TM) SE Runtime Environment (8.0_201-b09) (build 1.8.0_201-b09)
# Java VM: Java HotSpot(TM) 64-Bit Server VM (25.201-b09 mixed mode linux-amd64 compressed oops)
Heap:
 PSYoungGen      total 147456K, used 1514K [0x00000000f5980000, 0x0000000100000000, 0x0000000100000000)
  eden space 138240K, 0% used [0x00000000f5980000,0x00000000f5980000,0x00000000fe080000)
  from space 9216K, 16% used [0x00000000fe080000,0x00000000fe1faa58,0x00000000fe980000)
  to   space 18432K, 0% used [0x00000000fee00000,0x00000000fee00000,0x0000000100000000)
 ParOldGen       total 37376K, used 37148K [0x00000000e0c00000, 0x00000000e3080000, 0x00000000f5980000)
  object space 37376K, 99% used [0x00000000e0c00000,0x00000000e3047230,0x00000000e3080000)
 Metaspace       used 34792K, capacity 35340K, committed 35496K, reserved 1081344K
  class space    used 4058K, capacity 4243K, committed 4264K, reserved 1048576K
GC Heap History (10 events):
Event: 12,446 GC heap after
Heap after GC invocations=6 (full 0):
 PSYoungGen      total 75776K, used 4086K [0x00000000f5980000, 0x00000000fa980000, 0x0000000100000000)
  eden space 69632K, 0% used [0x00000000f5980000,0x00000000f5980000,0x00000000f9d80000)
  from space 6144K, 66% used [0x00000000fa380000,0x00000000fa77da58,0x00000000fa980000)
  to   space 6144K, 0% used [0x00000000f9d80000,0x00000000f9d80000,0x00000000fa380000)
 ParOldGen       total 22016K, used 12292K [0x00000000e0c00000, 0x00000000e2180000, 0x00000000f5980000)
  object space 22016K, 55% used [0x00000000e0c00000,0x00000000e18013f0,0x00000000e2180000)
 Metaspace       used 15570K, capacity 15922K, committed 16128K, reserved 1062912K
  class space    used 1906K, capacity 1990K, committed 2048K, reserved 1048576K
}
Event: 20,349 GC heap before
{Heap before GC invocations=7 (full 0):
 PSYoungGen      total 75776K, used 73718K [0x00000000f5980000, 0x00000000fa980000, 0x0000000100000000)
  eden space 69632K, 100% used [0x00000000f5980000,0x00000000f9d80000,0x00000000f9d80000)
  from space 6144K, 66% used [0x00000000fa380000,0x00000000fa77da58,0x00000000fa980000)
  to   space 6144K, 0% used [0x00000000f9d80000,0x00000000f9d80000,0x00000000fa380000)
 ParOldGen       total 22016K, used 12292K [0x00000000e0c00000, 0x00000000e2180000, 0x00000000f5980000)
  object space 22016K, 55% used [0x00000000e0c00000,0x00000000e18013f0,0x00000000e2180000)
 Metaspace       used 17446K, capacity 17890K, committed 18176K, reserved 1064960K
  class space    used 2139K, capacity 2262K, committed 2304K, reserved 1048576K
Event: 20,498 GC heap after
Heap after GC invocations=7 (full 0):
 PSYoungGen      total 75776K, used 6144K [0x00000000f5980000, 0x00000000ff180000, 0x0000000100000000)
  eden space 69632K, 0% used [0x00000000f5980000,0x00000000f5980000,0x00000000f9d80000)
  from space 6144K, 100% used [0x00000000f9d80000,0x00000000fa380000,0x00000000fa380000)
  to   space 8192K, 0% used [0x00000000fe980000,0x00000000fe980000,0x00000000ff180000)
 ParOldGen       total 22016K, used 13934K [0x00000000e0c00000, 0x00000000e2180000, 0x00000000f5980000)
  object space 22016K, 63% used [0x00000000e0c00000,0x00000000e199bac0,0x00000000e2180000)
 Metaspace       used 17446K, capacity 17890K, committed 18176K, reserved 1064960K
  class space    used 2139K, capacity 2262K, committed 2304K, reserved 1048576K
}
Event: 28,618 GC heap before
{Heap before GC invocations=8 (full 0):
 PSYoungGen      total 75776K, used 46306K [0x00000000f5980000, 0x00000000ff180000, 0x0000000100000000)
  eden space 69632K, 57% used [0x00000000f5980000,0x00000000f80b8b98,0x00000000f9d80000)
  from space 6144K, 100% used [0x00000000f9d80000,0x00000000fa380000,0x00000000fa380000)
  to   space 8192K, 0% used [0x00000000fe980000,0x00000000fe980000,0x00000000ff180000)
 ParOldGen       total 22016K, used 13934K [0x00000000e0c00000, 0x00000000e2180000, 0x00000000f5980000)
  object space 22016K, 63% used [0x00000000e0c00000,0x00000000e199bac0,0x00000000e2180000)
 Metaspace       used 20646K, capacity 21150K, committed 21296K, reserved 1069056K
  class space    used 2541K, capacity 2670K, committed 2688K, reserved 1048576K
Event: 28,731 GC heap after
Heap after GC invocations=8 (full 0):
 PSYoungGen      total 146432K, used 8173K [0x00000000f5980000, 0x00000000ff380000, 0x0000000100000000)
  eden space 138240K, 0% used [0x00000000f5980000,0x00000000f5980000,0x00000000fe080000)
  from space 8192K, 99% used [0x00000000fe980000,0x00000000ff17b728,0x00000000ff180000)
  to   space 9216K, 0% used [0x00000000fe080000,0x00000000fe080000,0x00000000fe980000)
 ParOldGen       total 22016K, used 14203K [0x00000000e0c00000, 0x00000000e2180000, 0x00000000f5980000)
  object space 22016K, 64% used [0x00000000e0c00000,0x00000000e19ded60,0x00000000e2180000)
 Metaspace       used 20646K, capacity 21150K, committed 21296K, reserved 1069056K
  class space    used 2541K, capacity 2670K, committed 2688K, reserved 1048576K
}
Event: 28,731 GC heap before
{Heap before GC invocations=9 (full 1):
 PSYoungGen      total 146432K, used 8173K [0x00000000f5980000, 0x00000000ff380000, 0x0000000100000000)
  eden space 138240K, 0% used [0x00000000f5980000,0x00000000f5980000,0x00000000fe080000)
  from space 8192K, 99% used [0x00000000fe980000,0x00000000ff17b728,0x00000000ff180000)
  to   space 9216K, 0% used [0x00000000fe080000,0x00000000fe080000,0x00000000fe980000)
 ParOldGen       total 22016K, used 14203K [0x00000000e0c00000, 0x00000000e2180000, 0x00000000f5980000)
  object space 22016K, 64% used [0x00000000e0c00000,0x00000000e19ded60,0x00000000e2180000)
 Metaspace       used 20646K, capacity 21150K, committed 21296K, reserved 1069056K
  class space    used 2541K, capacity 2670K, committed 2688K, reserved 1048576K
Event: 29,280 GC heap after
Heap after GC invocations=9 (full 1):
 PSYoungGen      total 146432K, used 0K [0x00000000f5980000, 0x00000000ff380000, 0x0000000100000000)
  eden space 138240K, 0% used [0x00000000f5980000,0x00000000f5980000,0x00000000fe080000)
  from space 8192K, 0% used [0x00000000fe980000,0x00000000fe980000,0x00000000ff180000)
  to   space 9216K, 0% used [0x00000000fe080000,0x00000000fe080000,0x00000000fe980000)
 ParOldGen       total 36352K, used 17742K [0x00000000e0c00000, 0x00000000e2f80000, 0x00000000f5980000)
  object space 36352K, 48% used [0x00000000e0c00000,0x00000000e1d53b68,0x00000000e2f80000)
 Metaspace       used 20646K, capacity 21150K, committed 21296K, reserved 1069056K
  class space    used 2541K, capacity 2670K, committed 2688K, reserved 1048576K
}
Event: 50,416 GC heap before
{Heap before GC invocations=10 (full 1):
 PSYoungGen      total 146432K, used 138240K [0x00000000f5980000, 0x00000000ff380000, 0x0000000100000000)
  eden space 138240K, 100% used [0x00000000f5980000,0x00000000fe080000,0x00000000fe080000)
  from space 8192K, 0% used [0x00000000fe980000,0x00000000fe980000,0x00000000ff180000)
  to   space 9216K, 0% used [0x00000000fe080000,0x00000000fe080000,0x00000000fe980000)
 ParOldGen       total 36352K, used 17742K [0x00000000e0c00000, 0x00000000e2f80000, 0x00000000f5980000)
  object space 36352K, 48% used [0x00000000e0c00000,0x00000000e1d53b68,0x00000000e2f80000)
 Metaspace       used 34792K, capacity 35340K, committed 35496K, reserved 1081344K
  class space    used 4058K, capacity 4243K, committed 4264K, reserved 1048576K
Event: 51,283 GC heap after
Heap after GC invocations=10 (full 1):
 PSYoungGen      total 147456K, used 9200K [0x00000000f5980000, 0x0000000100000000, 0x0000000100000000)
  eden space 138240K, 0% used [0x00000000f5980000,0x00000000f5980000,0x00000000fe080000)
  from space 9216K, 99% used [0x00000000fe080000,0x00000000fe97c058,0x00000000fe980000)
  to   space 18432K, 0% used [0x00000000fee00000,0x00000000fee00000,0x0000000100000000)
 ParOldGen       total 37376K, used 37167K [0x00000000e0c00000, 0x00000000e3080000, 0x00000000f5980000)
  object space 37376K, 99% used [0x00000000e0c00000,0x00000000e304bc08,0x00000000e3080000)
 Metaspace       used 34792K, capacity 35340K, committed 35496K, reserved 1081344K
  class space    used 4058K, capacity 4243K, committed 4264K, reserved 1048576K
}
Event: 51,308 GC heap before
{Heap before GC invocations=11 (full 2):
 PSYoungGen      total 147456K, used 9200K [0x00000000f5980000, 0x0000000100000000, 0x0000000100000000)
  eden space 138240K, 0% used [0x00000000f5980000,0x00000000f5980000,0x00000000fe080000)
  from space 9216K, 99% used [0x00000000fe080000,0x00000000fe97c058,0x00000000fe980000)
  to   space 18432K, 0% used [0x00000000fee00000,0x00000000fee00000,0x0000000100000000)
 ParOldGen       total 37376K, used 37167K [0x00000000e0c00000, 0x00000000e3080000, 0x00000000f5980000)
  object space 37376K, 99% used [0x00000000e0c00000,0x00000000e304bc08,0x00000000e3080000)
 Metaspace       used 34792K, capacity 35340K, committed 35496K, reserved 1081344K
  class space    used 4058K, capacity 4243K, committed 4264K, reserved 1048576K

