# JRE version: Java(TM) SE Runtime Environment (8.0_201-b09) (build 1.8.0_201-b09)
# Java VM: Java HotSpot(TM) 64-Bit Server VM (25.201-b09 mixed mode linux-amd64 compressed oops)
Heap:
 PSYoungGen      total 117248K, used 8691K [0x00000000f5980000, 0x00000000fd480000, 0x0000000100000000)
  eden space 108544K, 0% used [0x00000000f5980000,0x00000000f5980000,0x00000000fc380000)
  from space 8704K, 99% used [0x00000000fc380000,0x00000000fcbfcd38,0x00000000fcc00000)
  to   space 8192K, 0% used [0x00000000fcc80000,0x00000000fcc80000,0x00000000fd480000)
 ParOldGen       total 30208K, used 28817K [0x00000000e0c00000, 0x00000000e2980000, 0x00000000f5980000)
  object space 30208K, 95% used [0x00000000e0c00000,0x00000000e2824628,0x00000000e2980000)
 Metaspace       used 33799K, capacity 34416K, committed 34688K, reserved 1079296K
  class space    used 3957K, capacity 4147K, committed 4224K, reserved 1048576K
GC Heap History (10 events):
Event: 10,174 GC heap after
Heap after GC invocations=7 (full 0):
 PSYoungGen      total 38912K, used 4581K [0x00000000f5980000, 0x00000000fa880000, 0x0000000100000000)
  eden space 34304K, 0% used [0x00000000f5980000,0x00000000f5980000,0x00000000f7b00000)
  from space 4608K, 99% used [0x00000000f7b00000,0x00000000f7f79488,0x00000000f7f80000)
  to   space 6144K, 0% used [0x00000000fa280000,0x00000000fa280000,0x00000000fa880000)
 ParOldGen       total 22016K, used 8836K [0x00000000e0c00000, 0x00000000e2180000, 0x00000000f5980000)
  object space 22016K, 40% used [0x00000000e0c00000,0x00000000e14a13e0,0x00000000e2180000)
 Metaspace       used 15078K, capacity 15352K, committed 15616K, reserved 1062912K
  class space    used 1839K, capacity 1949K, committed 2048K, reserved 1048576K
}
Event: 14,284 GC heap before
{Heap before GC invocations=8 (full 0):
 PSYoungGen      total 38912K, used 38885K [0x00000000f5980000, 0x00000000fa880000, 0x0000000100000000)
  eden space 34304K, 100% used [0x00000000f5980000,0x00000000f7b00000,0x00000000f7b00000)
  from space 4608K, 99% used [0x00000000f7b00000,0x00000000f7f79488,0x00000000f7f80000)
  to   space 6144K, 0% used [0x00000000fa280000,0x00000000fa280000,0x00000000fa880000)
 ParOldGen       total 22016K, used 8836K [0x00000000e0c00000, 0x00000000e2180000, 0x00000000f5980000)
  object space 22016K, 40% used [0x00000000e0c00000,0x00000000e14a13e0,0x00000000e2180000)
 Metaspace       used 15827K, capacity 16214K, committed 16384K, reserved 1062912K
  class space    used 1909K, capacity 2022K, committed 2048K, reserved 1048576K
Event: 14,334 GC heap after
Heap after GC invocations=8 (full 0):
 PSYoungGen      total 73728K, used 5760K [0x00000000f5980000, 0x00000000faa80000, 0x0000000100000000)
  eden space 67584K, 0% used [0x00000000f5980000,0x00000000f5980000,0x00000000f9b80000)
  from space 6144K, 93% used [0x00000000fa280000,0x00000000fa820040,0x00000000fa880000)
  to   space 7168K, 0% used [0x00000000f9b80000,0x00000000f9b80000,0x00000000fa280000)
 ParOldGen       total 22016K, used 8956K [0x00000000e0c00000, 0x00000000e2180000, 0x00000000f5980000)
  object space 22016K, 40% used [0x00000000e0c00000,0x00000000e14bf3e0,0x00000000e2180000)
 Metaspace       used 15827K, capacity 16214K, committed 16384K, reserved 1062912K
  class space    used 1909K, capacity 2022K, committed 2048K, reserved 1048576K
}
Event: 20,400 GC heap before
{Heap before GC invocations=9 (full 0):
 PSYoungGen      total 73728K, used 73344K [0x00000000f5980000, 0x00000000faa80000, 0x0000000100000000)
  eden space 67584K, 100% used [0x00000000f5980000,0x00000000f9b80000,0x00000000f9b80000)
  from space 6144K, 93% used [0x00000000fa280000,0x00000000fa820040,0x00000000fa880000)
  to   space 7168K, 0% used [0x00000000f9b80000,0x00000000f9b80000,0x00000000fa280000)
 ParOldGen       total 22016K, used 8956K [0x00000000e0c00000, 0x00000000e2180000, 0x00000000f5980000)
  object space 22016K, 40% used [0x00000000e0c00000,0x00000000e14bf3e0,0x00000000e2180000)
 Metaspace       used 18064K, capacity 18590K, committed 18688K, reserved 1064960K
  class space    used 2182K, capacity 2302K, committed 2304K, reserved 1048576K
Event: 20,636 GC heap after
Heap after GC invocations=9 (full 0):
 PSYoungGen      total 74752K, used 7152K [0x00000000f5980000, 0x00000000fd580000, 0x0000000100000000)
  eden space 67584K, 0% used [0x00000000f5980000,0x00000000f5980000,0x00000000f9b80000)
  from space 7168K, 99% used [0x00000000f9b80000,0x00000000fa27c010,0x00000000fa280000)
  to   space 9216K, 0% used [0x00000000fcc80000,0x00000000fcc80000,0x00000000fd580000)
 ParOldGen       total 22016K, used 11783K [0x00000000e0c00000, 0x00000000e2180000, 0x00000000f5980000)
  object space 22016K, 53% used [0x00000000e0c00000,0x00000000e1781e30,0x00000000e2180000)
 Metaspace       used 18064K, capacity 18590K, committed 18688K, reserved 1064960K
  class space    used 2182K, capacity 2302K, committed 2304K, reserved 1048576K
}
Event: 23,794 GC heap before
{Heap before GC invocations=10 (full 0):
 PSYoungGen      total 74752K, used 32992K [0x00000000f5980000, 0x00000000fd580000, 0x0000000100000000)
  eden space 67584K, 38% used [0x00000000f5980000,0x00000000f72bc3e8,0x00000000f9b80000)
  from space 7168K, 99% used [0x00000000f9b80000,0x00000000fa27c010,0x00000000fa280000)
  to   space 9216K, 0% used [0x00000000fcc80000,0x00000000fcc80000,0x00000000fd580000)
 ParOldGen       total 22016K, used 11783K [0x00000000e0c00000, 0x00000000e2180000, 0x00000000f5980000)
  object space 22016K, 53% used [0x00000000e0c00000,0x00000000e1781e30,0x00000000e2180000)
 Metaspace       used 20711K, capacity 21218K, committed 21296K, reserved 1069056K
  class space    used 2542K, capacity 2670K, committed 2688K, reserved 1048576K
Event: 23,820 GC heap after
Heap after GC invocations=10 (full 0):
 PSYoungGen      total 116736K, used 4551K [0x00000000f5980000, 0x00000000fd480000, 0x0000000100000000)
  eden space 108544K, 0% used [0x00000000f5980000,0x00000000f5980000,0x00000000fc380000)
  from space 8192K, 55% used [0x00000000fcc80000,0x00000000fd0f1d60,0x00000000fd480000)
  to   space 8704K, 0% used [0x00000000fc380000,0x00000000fc380000,0x00000000fcc00000)
 ParOldGen       total 22016K, used 15415K [0x00000000e0c00000, 0x00000000e2180000, 0x00000000f5980000)
  object space 22016K, 70% used [0x00000000e0c00000,0x00000000e1b0de30,0x00000000e2180000)
 Metaspace       used 20711K, capacity 21218K, committed 21296K, reserved 1069056K
  class space    used 2542K, capacity 2670K, committed 2688K, reserved 1048576K
}
Event: 23,820 GC heap before
{Heap before GC invocations=11 (full 1):
 PSYoungGen      total 116736K, used 4551K [0x00000000f5980000, 0x00000000fd480000, 0x0000000100000000)
  eden space 108544K, 0% used [0x00000000f5980000,0x00000000f5980000,0x00000000fc380000)
  from space 8192K, 55% used [0x00000000fcc80000,0x00000000fd0f1d60,0x00000000fd480000)
  to   space 8704K, 0% used [0x00000000fc380000,0x00000000fc380000,0x00000000fcc00000)
 ParOldGen       total 22016K, used 15415K [0x00000000e0c00000, 0x00000000e2180000, 0x00000000f5980000)
  object space 22016K, 70% used [0x00000000e0c00000,0x00000000e1b0de30,0x00000000e2180000)
 Metaspace       used 20711K, capacity 21218K, committed 21296K, reserved 1069056K
  class space    used 2542K, capacity 2670K, committed 2688K, reserved 1048576K
Event: 24,003 GC heap after
Heap after GC invocations=11 (full 1):
 PSYoungGen      total 116736K, used 0K [0x00000000f5980000, 0x00000000fd480000, 0x0000000100000000)
  eden space 108544K, 0% used [0x00000000f5980000,0x00000000f5980000,0x00000000fc380000)
  from space 8192K, 0% used [0x00000000fcc80000,0x00000000fcc80000,0x00000000fd480000)
  to   space 8704K, 0% used [0x00000000fc380000,0x00000000fc380000,0x00000000fcc00000)
 ParOldGen       total 30208K, used 13999K [0x00000000e0c00000, 0x00000000e2980000, 0x00000000f5980000)
  object space 30208K, 46% used [0x00000000e0c00000,0x00000000e19abe78,0x00000000e2980000)
 Metaspace       used 20711K, capacity 21218K, committed 21296K, reserved 1069056K
  class space    used 2542K, capacity 2670K, committed 2688K, reserved 1048576K
}
Event: 120,538 GC heap before
{Heap before GC invocations=12 (full 1):
 PSYoungGen      total 116736K, used 108544K [0x00000000f5980000, 0x00000000fd480000, 0x0000000100000000)
  eden space 108544K, 100% used [0x00000000f5980000,0x00000000fc380000,0x00000000fc380000)
  from space 8192K, 0% used [0x00000000fcc80000,0x00000000fcc80000,0x00000000fd480000)
  to   space 8704K, 0% used [0x00000000fc380000,0x00000000fc380000,0x00000000fcc00000)
 ParOldGen       total 30208K, used 13999K [0x00000000e0c00000, 0x00000000e2980000, 0x00000000f5980000)
  object space 30208K, 46% used [0x00000000e0c00000,0x00000000e19abe78,0x00000000e2980000)
 Metaspace       used 33799K, capacity 34416K, committed 34688K, reserved 1079296K
  class space    used 3957K, capacity 4147K, committed 4224K, reserved 1048576K

