# JRE version: Java(TM) SE Runtime Environment (8.0_201-b09) (build 1.8.0_201-b09)
# Java VM: Java HotSpot(TM) 64-Bit Server VM (25.201-b09 mixed mode linux-amd64 compressed oops)
Heap:
 PSYoungGen      total 117248K, used 8686K [0x00000000f5980000, 0x00000000fd480000, 0x0000000100000000)
  eden space 108544K, 0% used [0x00000000f5980000,0x00000000f5980000,0x00000000fc380000)
  from space 8704K, 99% used [0x00000000fc380000,0x00000000fcbfbbb0,0x00000000fcc00000)
  to   space 8192K, 0% used [0x00000000fcc80000,0x00000000fcc80000,0x00000000fd480000)
 ParOldGen       total 29696K, used 28806K [0x00000000e0c00000, 0x00000000e2900000, 0x00000000f5980000)
  object space 29696K, 97% used [0x00000000e0c00000,0x00000000e2821ad0,0x00000000e2900000)
 Metaspace       used 33941K, capacity 34612K, committed 34944K, reserved 1079296K
  class space    used 3962K, capacity 4147K, committed 4224K, reserved 1048576K
GC Heap History (10 events):
Event: 7,851 GC heap after
Heap after GC invocations=7 (full 0):
 PSYoungGen      total 38912K, used 4601K [0x00000000f5980000, 0x00000000fa880000, 0x0000000100000000)
  eden space 34304K, 0% used [0x00000000f5980000,0x00000000f5980000,0x00000000f7b00000)
  from space 4608K, 99% used [0x00000000f7b00000,0x00000000f7f7e550,0x00000000f7f80000)
  to   space 6144K, 0% used [0x00000000fa280000,0x00000000fa280000,0x00000000fa880000)
 ParOldGen       total 22016K, used 8860K [0x00000000e0c00000, 0x00000000e2180000, 0x00000000f5980000)
  object space 22016K, 40% used [0x00000000e0c00000,0x00000000e14a71d8,0x00000000e2180000)
 Metaspace       used 15070K, capacity 15356K, committed 15616K, reserved 1062912K
  class space    used 1839K, capacity 1949K, committed 2048K, reserved 1048576K
}
Event: 11,430 GC heap before
{Heap before GC invocations=8 (full 0):
 PSYoungGen      total 38912K, used 38905K [0x00000000f5980000, 0x00000000fa880000, 0x0000000100000000)
  eden space 34304K, 100% used [0x00000000f5980000,0x00000000f7b00000,0x00000000f7b00000)
  from space 4608K, 99% used [0x00000000f7b00000,0x00000000f7f7e550,0x00000000f7f80000)
  to   space 6144K, 0% used [0x00000000fa280000,0x00000000fa280000,0x00000000fa880000)
 ParOldGen       total 22016K, used 8860K [0x00000000e0c00000, 0x00000000e2180000, 0x00000000f5980000)
  object space 22016K, 40% used [0x00000000e0c00000,0x00000000e14a71d8,0x00000000e2180000)
 Metaspace       used 15778K, capacity 16154K, committed 16384K, reserved 1062912K
  class space    used 1909K, capacity 2022K, committed 2048K, reserved 1048576K
Event: 11,457 GC heap after
Heap after GC invocations=8 (full 0):
 PSYoungGen      total 73728K, used 5619K [0x00000000f5980000, 0x00000000faa80000, 0x0000000100000000)
  eden space 67584K, 0% used [0x00000000f5980000,0x00000000f5980000,0x00000000f9b80000)
  from space 6144K, 91% used [0x00000000fa280000,0x00000000fa7fcf60,0x00000000fa880000)
  to   space 7168K, 0% used [0x00000000f9b80000,0x00000000f9b80000,0x00000000fa280000)
 ParOldGen       total 22016K, used 9036K [0x00000000e0c00000, 0x00000000e2180000, 0x00000000f5980000)
  object space 22016K, 41% used [0x00000000e0c00000,0x00000000e14d31d8,0x00000000e2180000)
 Metaspace       used 15778K, capacity 16154K, committed 16384K, reserved 1062912K
  class space    used 1909K, capacity 2022K, committed 2048K, reserved 1048576K
}
Event: 22,331 GC heap before
{Heap before GC invocations=9 (full 0):
 PSYoungGen      total 73728K, used 73203K [0x00000000f5980000, 0x00000000faa80000, 0x0000000100000000)
  eden space 67584K, 100% used [0x00000000f5980000,0x00000000f9b80000,0x00000000f9b80000)
  from space 6144K, 91% used [0x00000000fa280000,0x00000000fa7fcf60,0x00000000fa880000)
  to   space 7168K, 0% used [0x00000000f9b80000,0x00000000f9b80000,0x00000000fa280000)
 ParOldGen       total 22016K, used 9036K [0x00000000e0c00000, 0x00000000e2180000, 0x00000000f5980000)
  object space 22016K, 41% used [0x00000000e0c00000,0x00000000e14d31d8,0x00000000e2180000)
 Metaspace       used 18040K, capacity 18466K, committed 18688K, reserved 1064960K
  class space    used 2182K, capacity 2302K, committed 2304K, reserved 1048576K
Event: 22,504 GC heap after
Heap after GC invocations=9 (full 0):
 PSYoungGen      total 74752K, used 7164K [0x00000000f5980000, 0x00000000fd580000, 0x0000000100000000)
  eden space 67584K, 0% used [0x00000000f5980000,0x00000000f5980000,0x00000000f9b80000)
  from space 7168K, 99% used [0x00000000f9b80000,0x00000000fa27f2d8,0x00000000fa280000)
  to   space 9216K, 0% used [0x00000000fcc80000,0x00000000fcc80000,0x00000000fd580000)
 ParOldGen       total 22016K, used 11786K [0x00000000e0c00000, 0x00000000e2180000, 0x00000000f5980000)
  object space 22016K, 53% used [0x00000000e0c00000,0x00000000e1782a68,0x00000000e2180000)
 Metaspace       used 18040K, capacity 18466K, committed 18688K, reserved 1064960K
  class space    used 2182K, capacity 2302K, committed 2304K, reserved 1048576K
}
Event: 41,100 GC heap before
{Heap before GC invocations=10 (full 0):
 PSYoungGen      total 74752K, used 35559K [0x00000000f5980000, 0x00000000fd580000, 0x0000000100000000)
  eden space 67584K, 42% used [0x00000000f5980000,0x00000000f753aab0,0x00000000f9b80000)
  from space 7168K, 99% used [0x00000000f9b80000,0x00000000fa27f2d8,0x00000000fa280000)
  to   space 9216K, 0% used [0x00000000fcc80000,0x00000000fcc80000,0x00000000fd580000)
 ParOldGen       total 22016K, used 11786K [0x00000000e0c00000, 0x00000000e2180000, 0x00000000f5980000)
  object space 22016K, 53% used [0x00000000e0c00000,0x00000000e1782a68,0x00000000e2180000)
 Metaspace       used 20669K, capacity 21158K, committed 21296K, reserved 1069056K
  class space    used 2542K, capacity 2670K, committed 2688K, reserved 1048576K
Event: 41,162 GC heap after
Heap after GC invocations=10 (full 0):
 PSYoungGen      total 116736K, used 4531K [0x00000000f5980000, 0x00000000fd480000, 0x0000000100000000)
  eden space 108544K, 0% used [0x00000000f5980000,0x00000000f5980000,0x00000000fc380000)
  from space 8192K, 55% used [0x00000000fcc80000,0x00000000fd0ecf58,0x00000000fd480000)
  to   space 8704K, 0% used [0x00000000fc380000,0x00000000fc380000,0x00000000fcc00000)
 ParOldGen       total 22016K, used 15418K [0x00000000e0c00000, 0x00000000e2180000, 0x00000000f5980000)
  object space 22016K, 70% used [0x00000000e0c00000,0x00000000e1b0ea68,0x00000000e2180000)
 Metaspace       used 20669K, capacity 21158K, committed 21296K, reserved 1069056K
  class space    used 2542K, capacity 2670K, committed 2688K, reserved 1048576K
}
Event: 41,162 GC heap before
{Heap before GC invocations=11 (full 1):
 PSYoungGen      total 116736K, used 4531K [0x00000000f5980000, 0x00000000fd480000, 0x0000000100000000)
  eden space 108544K, 0% used [0x00000000f5980000,0x00000000f5980000,0x00000000fc380000)
  from space 8192K, 55% used [0x00000000fcc80000,0x00000000fd0ecf58,0x00000000fd480000)
  to   space 8704K, 0% used [0x00000000fc380000,0x00000000fc380000,0x00000000fcc00000)
 ParOldGen       total 22016K, used 15418K [0x00000000e0c00000, 0x00000000e2180000, 0x00000000f5980000)
  object space 22016K, 70% used [0x00000000e0c00000,0x00000000e1b0ea68,0x00000000e2180000)
 Metaspace       used 20669K, capacity 21158K, committed 21296K, reserved 1069056K
  class space    used 2542K, capacity 2670K, committed 2688K, reserved 1048576K
Event: 41,392 GC heap after
Heap after GC invocations=11 (full 1):
 PSYoungGen      total 116736K, used 0K [0x00000000f5980000, 0x00000000fd480000, 0x0000000100000000)
  eden space 108544K, 0% used [0x00000000f5980000,0x00000000f5980000,0x00000000fc380000)
  from space 8192K, 0% used [0x00000000fcc80000,0x00000000fcc80000,0x00000000fd480000)
  to   space 8704K, 0% used [0x00000000fc380000,0x00000000fc380000,0x00000000fcc00000)
 ParOldGen       total 29696K, used 13845K [0x00000000e0c00000, 0x00000000e2900000, 0x00000000f5980000)
  object space 29696K, 46% used [0x00000000e0c00000,0x00000000e1985738,0x00000000e2900000)
 Metaspace       used 20669K, capacity 21158K, committed 21296K, reserved 1069056K
  class space    used 2542K, capacity 2670K, committed 2688K, reserved 1048576K
}
Event: 114,102 GC heap before
{Heap before GC invocations=12 (full 1):
 PSYoungGen      total 116736K, used 108544K [0x00000000f5980000, 0x00000000fd480000, 0x0000000100000000)
  eden space 108544K, 100% used [0x00000000f5980000,0x00000000fc380000,0x00000000fc380000)
  from space 8192K, 0% used [0x00000000fcc80000,0x00000000fcc80000,0x00000000fd480000)
  to   space 8704K, 0% used [0x00000000fc380000,0x00000000fc380000,0x00000000fcc00000)
 ParOldGen       total 29696K, used 13845K [0x00000000e0c00000, 0x00000000e2900000, 0x00000000f5980000)
  object space 29696K, 46% used [0x00000000e0c00000,0x00000000e1985738,0x00000000e2900000)
 Metaspace       used 33941K, capacity 34612K, committed 34944K, reserved 1079296K
  class space    used 3962K, capacity 4147K, committed 4224K, reserved 1048576K

