# JRE version: Java(TM) SE Runtime Environment (8.0_201-b09) (build 1.8.0_201-b09)
# Java VM: Java HotSpot(TM) 64-Bit Server VM (25.201-b09 mixed mode linux-amd64 compressed oops)
Heap:
 PSYoungGen      total 117760K, used 8672K [0x00000000f5980000, 0x00000000fd500000, 0x0000000100000000)
  eden space 109056K, 0% used [0x00000000f5980000,0x00000000f5980000,0x00000000fc400000)
  from space 8704K, 99% used [0x00000000fc400000,0x00000000fcc78048,0x00000000fcc80000)
  to   space 8192K, 0% used [0x00000000fcd00000,0x00000000fcd00000,0x00000000fd500000)
 ParOldGen       total 30720K, used 29283K [0x00000000e0c00000, 0x00000000e2a00000, 0x00000000f5980000)
  object space 30720K, 95% used [0x00000000e0c00000,0x00000000e2898eb0,0x00000000e2a00000)
 Metaspace       used 33671K, capacity 34268K, committed 34432K, reserved 1079296K
  class space    used 3943K, capacity 4139K, committed 4224K, reserved 1048576K
GC Heap History (10 events):
Event: 9,574 GC heap after
Heap after GC invocations=7 (full 0):
 PSYoungGen      total 38912K, used 4592K [0x00000000f5980000, 0x00000000fa880000, 0x0000000100000000)
  eden space 34304K, 0% used [0x00000000f5980000,0x00000000f5980000,0x00000000f7b00000)
  from space 4608K, 99% used [0x00000000f7b00000,0x00000000f7f7c2a0,0x00000000f7f80000)
  to   space 6144K, 0% used [0x00000000fa280000,0x00000000fa280000,0x00000000fa880000)
 ParOldGen       total 22016K, used 8746K [0x00000000e0c00000, 0x00000000e2180000, 0x00000000f5980000)
  object space 22016K, 39% used [0x00000000e0c00000,0x00000000e148a8b0,0x00000000e2180000)
 Metaspace       used 15041K, capacity 15356K, committed 15616K, reserved 1062912K
  class space    used 1839K, capacity 1949K, committed 2048K, reserved 1048576K
}
Event: 12,278 GC heap before
{Heap before GC invocations=8 (full 0):
 PSYoungGen      total 38912K, used 38896K [0x00000000f5980000, 0x00000000fa880000, 0x0000000100000000)
  eden space 34304K, 100% used [0x00000000f5980000,0x00000000f7b00000,0x00000000f7b00000)
  from space 4608K, 99% used [0x00000000f7b00000,0x00000000f7f7c2a0,0x00000000f7f80000)
  to   space 6144K, 0% used [0x00000000fa280000,0x00000000fa280000,0x00000000fa880000)
 ParOldGen       total 22016K, used 8746K [0x00000000e0c00000, 0x00000000e2180000, 0x00000000f5980000)
  object space 22016K, 39% used [0x00000000e0c00000,0x00000000e148a8b0,0x00000000e2180000)
 Metaspace       used 15501K, capacity 15740K, committed 16128K, reserved 1062912K
  class space    used 1859K, capacity 1949K, committed 2048K, reserved 1048576K
Event: 12,311 GC heap after
Heap after GC invocations=8 (full 0):
 PSYoungGen      total 74240K, used 5392K [0x00000000f5980000, 0x00000000fa980000, 0x0000000100000000)
  eden space 68096K, 0% used [0x00000000f5980000,0x00000000f5980000,0x00000000f9c00000)
  from space 6144K, 87% used [0x00000000fa280000,0x00000000fa7c4010,0x00000000fa880000)
  to   space 6656K, 0% used [0x00000000f9c00000,0x00000000f9c00000,0x00000000fa280000)
 ParOldGen       total 22016K, used 8882K [0x00000000e0c00000, 0x00000000e2180000, 0x00000000f5980000)
  object space 22016K, 40% used [0x00000000e0c00000,0x00000000e14ac8c0,0x00000000e2180000)
 Metaspace       used 15501K, capacity 15740K, committed 16128K, reserved 1062912K
  class space    used 1859K, capacity 1949K, committed 2048K, reserved 1048576K
}
Event: 15,757 GC heap before
{Heap before GC invocations=9 (full 0):
 PSYoungGen      total 74240K, used 73488K [0x00000000f5980000, 0x00000000fa980000, 0x0000000100000000)
  eden space 68096K, 100% used [0x00000000f5980000,0x00000000f9c00000,0x00000000f9c00000)
  from space 6144K, 87% used [0x00000000fa280000,0x00000000fa7c4010,0x00000000fa880000)
  to   space 6656K, 0% used [0x00000000f9c00000,0x00000000f9c00000,0x00000000fa280000)
 ParOldGen       total 22016K, used 8882K [0x00000000e0c00000, 0x00000000e2180000, 0x00000000f5980000)
  object space 22016K, 40% used [0x00000000e0c00000,0x00000000e14ac8c0,0x00000000e2180000)
 Metaspace       used 17899K, capacity 18378K, committed 18432K, reserved 1064960K
  class space    used 2168K, capacity 2294K, committed 2304K, reserved 1048576K
Event: 15,828 GC heap after
Heap after GC invocations=9 (full 0):
 PSYoungGen      total 74752K, used 6648K [0x00000000f5980000, 0x00000000fd600000, 0x0000000100000000)
  eden space 68096K, 0% used [0x00000000f5980000,0x00000000f5980000,0x00000000f9c00000)
  from space 6656K, 99% used [0x00000000f9c00000,0x00000000fa27e070,0x00000000fa280000)
  to   space 9216K, 0% used [0x00000000fcd00000,0x00000000fcd00000,0x00000000fd600000)
 ParOldGen       total 22016K, used 12403K [0x00000000e0c00000, 0x00000000e2180000, 0x00000000f5980000)
  object space 22016K, 56% used [0x00000000e0c00000,0x00000000e181cfd8,0x00000000e2180000)
 Metaspace       used 17899K, capacity 18378K, committed 18432K, reserved 1064960K
  class space    used 2168K, capacity 2294K, committed 2304K, reserved 1048576K
}
Event: 17,083 GC heap before
{Heap before GC invocations=10 (full 0):
 PSYoungGen      total 74752K, used 29915K [0x00000000f5980000, 0x00000000fd600000, 0x0000000100000000)
  eden space 68096K, 34% used [0x00000000f5980000,0x00000000f7038f10,0x00000000f9c00000)
  from space 6656K, 99% used [0x00000000f9c00000,0x00000000fa27e070,0x00000000fa280000)
  to   space 9216K, 0% used [0x00000000fcd00000,0x00000000fcd00000,0x00000000fd600000)
 ParOldGen       total 22016K, used 12403K [0x00000000e0c00000, 0x00000000e2180000, 0x00000000f5980000)
  object space 22016K, 56% used [0x00000000e0c00000,0x00000000e181cfd8,0x00000000e2180000)
 Metaspace       used 20616K, capacity 21102K, committed 21248K, reserved 1067008K
  class space    used 2552K, capacity 2694K, committed 2816K, reserved 1048576K
Event: 17,116 GC heap after
Heap after GC invocations=10 (full 0):
 PSYoungGen      total 117248K, used 4391K [0x00000000f5980000, 0x00000000fd500000, 0x0000000100000000)
  eden space 109056K, 0% used [0x00000000f5980000,0x00000000f5980000,0x00000000fc400000)
  from space 8192K, 53% used [0x00000000fcd00000,0x00000000fd149d60,0x00000000fd500000)
  to   space 8704K, 0% used [0x00000000fc400000,0x00000000fc400000,0x00000000fcc80000)
 ParOldGen       total 22016K, used 15987K [0x00000000e0c00000, 0x00000000e2180000, 0x00000000f5980000)
  object space 22016K, 72% used [0x00000000e0c00000,0x00000000e1b9cfd8,0x00000000e2180000)
 Metaspace       used 20616K, capacity 21102K, committed 21248K, reserved 1067008K
  class space    used 2552K, capacity 2694K, committed 2816K, reserved 1048576K
}
Event: 17,116 GC heap before
{Heap before GC invocations=11 (full 1):
 PSYoungGen      total 117248K, used 4391K [0x00000000f5980000, 0x00000000fd500000, 0x0000000100000000)
  eden space 109056K, 0% used [0x00000000f5980000,0x00000000f5980000,0x00000000fc400000)
  from space 8192K, 53% used [0x00000000fcd00000,0x00000000fd149d60,0x00000000fd500000)
  to   space 8704K, 0% used [0x00000000fc400000,0x00000000fc400000,0x00000000fcc80000)
 ParOldGen       total 22016K, used 15987K [0x00000000e0c00000, 0x00000000e2180000, 0x00000000f5980000)
  object space 22016K, 72% used [0x00000000e0c00000,0x00000000e1b9cfd8,0x00000000e2180000)
 Metaspace       used 20616K, capacity 21102K, committed 21248K, reserved 1067008K
  class space    used 2552K, capacity 2694K, committed 2816K, reserved 1048576K
Event: 17,278 GC heap after
Heap after GC invocations=11 (full 1):
 PSYoungGen      total 117248K, used 0K [0x00000000f5980000, 0x00000000fd500000, 0x0000000100000000)
  eden space 109056K, 0% used [0x00000000f5980000,0x00000000f5980000,0x00000000fc400000)
  from space 8192K, 0% used [0x00000000fcd00000,0x00000000fcd00000,0x00000000fd500000)
  to   space 8704K, 0% used [0x00000000fc400000,0x00000000fc400000,0x00000000fcc80000)
 ParOldGen       total 30720K, used 14230K [0x00000000e0c00000, 0x00000000e2a00000, 0x00000000f5980000)
  object space 30720K, 46% used [0x00000000e0c00000,0x00000000e19e5868,0x00000000e2a00000)
 Metaspace       used 20616K, capacity 21102K, committed 21248K, reserved 1067008K
  class space    used 2552K, capacity 2694K, committed 2816K, reserved 1048576K
}
Event: 24,744 GC heap before
{Heap before GC invocations=12 (full 1):
 PSYoungGen      total 117248K, used 109056K [0x00000000f5980000, 0x00000000fd500000, 0x0000000100000000)
  eden space 109056K, 100% used [0x00000000f5980000,0x00000000fc400000,0x00000000fc400000)
  from space 8192K, 0% used [0x00000000fcd00000,0x00000000fcd00000,0x00000000fd500000)
  to   space 8704K, 0% used [0x00000000fc400000,0x00000000fc400000,0x00000000fcc80000)
 ParOldGen       total 30720K, used 14230K [0x00000000e0c00000, 0x00000000e2a00000, 0x00000000f5980000)
  object space 30720K, 46% used [0x00000000e0c00000,0x00000000e19e5868,0x00000000e2a00000)
 Metaspace       used 33671K, capacity 34268K, committed 34432K, reserved 1079296K
  class space    used 3943K, capacity 4139K, committed 4224K, reserved 1048576K

