# JRE version: Java(TM) SE Runtime Environment (8.0_201-b09) (build 1.8.0_201-b09)
# Java VM: Java HotSpot(TM) 64-Bit Server VM (25.201-b09 mixed mode linux-amd64 compressed oops)
Heap:
 PSYoungGen      total 75776K, used 6128K [0x00000000f5980000, 0x00000000fa980000, 0x0000000100000000)
  eden space 69632K, 0% used [0x00000000f5980000,0x00000000f5980000,0x00000000f9d80000)
  from space 6144K, 99% used [0x00000000f9d80000,0x00000000fa37c010,0x00000000fa380000)
  to   space 6144K, 0% used [0x00000000fa380000,0x00000000fa380000,0x00000000fa980000)
 ParOldGen       total 22016K, used 13844K [0x00000000e0c00000, 0x00000000e2180000, 0x00000000f5980000)
  object space 22016K, 62% used [0x00000000e0c00000,0x00000000e1985320,0x00000000e2180000)
 Metaspace       used 17401K, capacity 17894K, committed 18176K, reserved 1064960K
  class space    used 2126K, capacity 2262K, committed 2304K, reserved 1048576K
GC Heap History (10 events):
Event: 2,633 GC heap after
Heap after GC invocations=2 (full 0):
 PSYoungGen      total 18432K, used 1008K [0x00000000f5980000, 0x00000000f6c80000, 0x0000000100000000)
  eden space 17408K, 0% used [0x00000000f5980000,0x00000000f5980000,0x00000000f6a80000)
  from space 1024K, 98% used [0x00000000f6b80000,0x00000000f6c7c010,0x00000000f6c80000)
  to   space 1024K, 0% used [0x00000000f6a80000,0x00000000f6a80000,0x00000000f6b80000)
 ParOldGen       total 22016K, used 2579K [0x00000000e0c00000, 0x00000000e2180000, 0x00000000f5980000)
  object space 22016K, 11% used [0x00000000e0c00000,0x00000000e0e84c08,0x00000000e2180000)
 Metaspace       used 6870K, capacity 7032K, committed 7296K, reserved 1056768K
  class space    used 797K, capacity 860K, committed 896K, reserved 1048576K
}
Event: 4,262 GC heap before
{Heap before GC invocations=3 (full 0):
 PSYoungGen      total 18432K, used 18416K [0x00000000f5980000, 0x00000000f6c80000, 0x0000000100000000)
  eden space 17408K, 100% used [0x00000000f5980000,0x00000000f6a80000,0x00000000f6a80000)
  from space 1024K, 98% used [0x00000000f6b80000,0x00000000f6c7c010,0x00000000f6c80000)
  to   space 1024K, 0% used [0x00000000f6a80000,0x00000000f6a80000,0x00000000f6b80000)
 ParOldGen       total 22016K, used 2579K [0x00000000e0c00000, 0x00000000e2180000, 0x00000000f5980000)
  object space 22016K, 11% used [0x00000000e0c00000,0x00000000e0e84c08,0x00000000e2180000)
 Metaspace       used 8140K, capacity 8252K, committed 8576K, reserved 1056768K
  class space    used 994K, capacity 1052K, committed 1152K, reserved 1048576K
Event: 4,332 GC heap after
Heap after GC invocations=3 (full 0):
 PSYoungGen      total 18432K, used 1024K [0x00000000f5980000, 0x00000000f7d80000, 0x0000000100000000)
  eden space 17408K, 0% used [0x00000000f5980000,0x00000000f5980000,0x00000000f6a80000)
  from space 1024K, 100% used [0x00000000f6a80000,0x00000000f6b80000,0x00000000f6b80000)
  to   space 1024K, 0% used [0x00000000f7c80000,0x00000000f7c80000,0x00000000f7d80000)
 ParOldGen       total 22016K, used 4069K [0x00000000e0c00000, 0x00000000e2180000, 0x00000000f5980000)
  object space 22016K, 18% used [0x00000000e0c00000,0x00000000e0ff97b8,0x00000000e2180000)
 Metaspace       used 8140K, capacity 8252K, committed 8576K, reserved 1056768K
  class space    used 994K, capacity 1052K, committed 1152K, reserved 1048576K
}
Event: 6,560 GC heap before
{Heap before GC invocations=4 (full 0):
 PSYoungGen      total 18432K, used 18411K [0x00000000f5980000, 0x00000000f7d80000, 0x0000000100000000)
  eden space 17408K, 99% used [0x00000000f5980000,0x00000000f6a7ae70,0x00000000f6a80000)
  from space 1024K, 100% used [0x00000000f6a80000,0x00000000f6b80000,0x00000000f6b80000)
  to   space 1024K, 0% used [0x00000000f7c80000,0x00000000f7c80000,0x00000000f7d80000)
 ParOldGen       total 22016K, used 4069K [0x00000000e0c00000, 0x00000000e2180000, 0x00000000f5980000)
  object space 22016K, 18% used [0x00000000e0c00000,0x00000000e0ff97b8,0x00000000e2180000)
 Metaspace       used 10067K, capacity 10262K, committed 10368K, reserved 1058816K
  class space    used 1229K, capacity 1315K, committed 1408K, reserved 1048576K
Event: 6,593 GC heap after
Heap after GC invocations=4 (full 0):
 PSYoungGen      total 35840K, used 1008K [0x00000000f5980000, 0x00000000f7d80000, 0x0000000100000000)
  eden space 34816K, 0% used [0x00000000f5980000,0x00000000f5980000,0x00000000f7b80000)
  from space 1024K, 98% used [0x00000000f7c80000,0x00000000f7d7c010,0x00000000f7d80000)
  to   space 1024K, 0% used [0x00000000f7b80000,0x00000000f7b80000,0x00000000f7c80000)
 ParOldGen       total 22016K, used 7022K [0x00000000e0c00000, 0x00000000e2180000, 0x00000000f5980000)
  object space 22016K, 31% used [0x00000000e0c00000,0x00000000e12dbb58,0x00000000e2180000)
 Metaspace       used 10067K, capacity 10262K, committed 10368K, reserved 1058816K
  class space    used 1229K, capacity 1315K, committed 1408K, reserved 1048576K
}
Event: 13,262 GC heap before
{Heap before GC invocations=5 (full 0):
 PSYoungGen      total 35840K, used 35824K [0x00000000f5980000, 0x00000000f7d80000, 0x0000000100000000)
  eden space 34816K, 100% used [0x00000000f5980000,0x00000000f7b80000,0x00000000f7b80000)
  from space 1024K, 98% used [0x00000000f7c80000,0x00000000f7d7c010,0x00000000f7d80000)
  to   space 1024K, 0% used [0x00000000f7b80000,0x00000000f7b80000,0x00000000f7c80000)
 ParOldGen       total 22016K, used 7022K [0x00000000e0c00000, 0x00000000e2180000, 0x00000000f5980000)
  object space 22016K, 31% used [0x00000000e0c00000,0x00000000e12dbb58,0x00000000e2180000)
 Metaspace       used 14760K, capacity 14976K, committed 15232K, reserved 1062912K
  class space    used 1817K, capacity 1913K, committed 1920K, reserved 1048576K
Event: 13,285 GC heap after
Heap after GC invocations=5 (full 0):
 PSYoungGen      total 35840K, used 1008K [0x00000000f5980000, 0x00000000fa980000, 0x0000000100000000)
  eden space 34816K, 0% used [0x00000000f5980000,0x00000000f5980000,0x00000000f7b80000)
  from space 1024K, 98% used [0x00000000f7b80000,0x00000000f7c7c030,0x00000000f7c80000)
  to   space 6144K, 0% used [0x00000000fa380000,0x00000000fa380000,0x00000000fa980000)
 ParOldGen       total 22016K, used 12320K [0x00000000e0c00000, 0x00000000e2180000, 0x00000000f5980000)
  object space 22016K, 55% used [0x00000000e0c00000,0x00000000e18081c0,0x00000000e2180000)
 Metaspace       used 14760K, capacity 14976K, committed 15232K, reserved 1062912K
  class space    used 1817K, capacity 1913K, committed 1920K, reserved 1048576K
}
Event: 15,300 GC heap before
{Heap before GC invocations=6 (full 0):
 PSYoungGen      total 35840K, used 35824K [0x00000000f5980000, 0x00000000fa980000, 0x0000000100000000)
  eden space 34816K, 100% used [0x00000000f5980000,0x00000000f7b80000,0x00000000f7b80000)
  from space 1024K, 98% used [0x00000000f7b80000,0x00000000f7c7c030,0x00000000f7c80000)
  to   space 6144K, 0% used [0x00000000fa380000,0x00000000fa380000,0x00000000fa980000)
 ParOldGen       total 22016K, used 12320K [0x00000000e0c00000, 0x00000000e2180000, 0x00000000f5980000)
  object space 22016K, 55% used [0x00000000e0c00000,0x00000000e18081c0,0x00000000e2180000)
 Metaspace       used 15620K, capacity 15990K, committed 16128K, reserved 1062912K
  class space    used 1906K, capacity 1990K, committed 2048K, reserved 1048576K
Event: 15,338 GC heap after
Heap after GC invocations=6 (full 0):
 PSYoungGen      total 75776K, used 3972K [0x00000000f5980000, 0x00000000fa980000, 0x0000000100000000)
  eden space 69632K, 0% used [0x00000000f5980000,0x00000000f5980000,0x00000000f9d80000)
  from space 6144K, 64% used [0x00000000fa380000,0x00000000fa761220,0x00000000fa980000)
  to   space 6144K, 0% used [0x00000000f9d80000,0x00000000f9d80000,0x00000000fa380000)
 ParOldGen       total 22016K, used 12320K [0x00000000e0c00000, 0x00000000e2180000, 0x00000000f5980000)
  object space 22016K, 55% used [0x00000000e0c00000,0x00000000e18081c0,0x00000000e2180000)
 Metaspace       used 15620K, capacity 15990K, committed 16128K, reserved 1062912K
  class space    used 1906K, capacity 1990K, committed 2048K, reserved 1048576K
}
Event: 21,561 GC heap before
{Heap before GC invocations=7 (full 0):
 PSYoungGen      total 75776K, used 73604K [0x00000000f5980000, 0x00000000fa980000, 0x0000000100000000)
  eden space 69632K, 100% used [0x00000000f5980000,0x00000000f9d80000,0x00000000f9d80000)
  from space 6144K, 64% used [0x00000000fa380000,0x00000000fa761220,0x00000000fa980000)
  to   space 6144K, 0% used [0x00000000f9d80000,0x00000000f9d80000,0x00000000fa380000)
 ParOldGen       total 22016K, used 12320K [0x00000000e0c00000, 0x00000000e2180000, 0x00000000f5980000)
  object space 22016K, 55% used [0x00000000e0c00000,0x00000000e18081c0,0x00000000e2180000)
 Metaspace       used 17401K, capacity 17894K, committed 18176K, reserved 1064960K
  class space    used 2126K, capacity 2262K, committed 2304K, reserved 1048576K

