# JRE version: Java(TM) SE Runtime Environment (8.0_201-b09) (build 1.8.0_201-b09)
# Java VM: Java HotSpot(TM) 64-Bit Server VM (25.201-b09 mixed mode linux-amd64 compressed oops)
Heap:
 PSYoungGen      total 117248K, used 8672K [0x00000000f5980000, 0x00000000fd480000, 0x0000000100000000)
  eden space 108544K, 0% used [0x00000000f5980000,0x00000000f5980000,0x00000000fc380000)
  from space 8704K, 99% used [0x00000000fc380000,0x00000000fcbf8048,0x00000000fcc00000)
  to   space 8192K, 0% used [0x00000000fcc80000,0x00000000fcc80000,0x00000000fd480000)
 ParOldGen       total 31232K, used 29757K [0x00000000e0c00000, 0x00000000e2a80000, 0x00000000f5980000)
  object space 31232K, 95% used [0x00000000e0c00000,0x00000000e290f678,0x00000000e2a80000)
 Metaspace       used 33820K, capacity 34412K, committed 34688K, reserved 1079296K
  class space    used 3958K, capacity 4147K, committed 4224K, reserved 1048576K
GC Heap History (10 events):
Event: 12,438 GC heap after
Heap after GC invocations=7 (full 0):
 PSYoungGen      total 38912K, used 4576K [0x00000000f5980000, 0x00000000fa880000, 0x0000000100000000)
  eden space 34304K, 0% used [0x00000000f5980000,0x00000000f5980000,0x00000000f7b00000)
  from space 4608K, 99% used [0x00000000f7b00000,0x00000000f7f78020,0x00000000f7f80000)
  to   space 6144K, 0% used [0x00000000fa280000,0x00000000fa280000,0x00000000fa880000)
 ParOldGen       total 22016K, used 8905K [0x00000000e0c00000, 0x00000000e2180000, 0x00000000f5980000)
  object space 22016K, 40% used [0x00000000e0c00000,0x00000000e14b2670,0x00000000e2180000)
 Metaspace       used 15052K, capacity 15348K, committed 15616K, reserved 1062912K
  class space    used 1839K, capacity 1949K, committed 2048K, reserved 1048576K
}
Event: 16,237 GC heap before
{Heap before GC invocations=8 (full 0):
 PSYoungGen      total 38912K, used 38880K [0x00000000f5980000, 0x00000000fa880000, 0x0000000100000000)
  eden space 34304K, 100% used [0x00000000f5980000,0x00000000f7b00000,0x00000000f7b00000)
  from space 4608K, 99% used [0x00000000f7b00000,0x00000000f7f78020,0x00000000f7f80000)
  to   space 6144K, 0% used [0x00000000fa280000,0x00000000fa280000,0x00000000fa880000)
 ParOldGen       total 22016K, used 8905K [0x00000000e0c00000, 0x00000000e2180000, 0x00000000f5980000)
  object space 22016K, 40% used [0x00000000e0c00000,0x00000000e14b2670,0x00000000e2180000)
 Metaspace       used 15799K, capacity 16210K, committed 16384K, reserved 1062912K
  class space    used 1908K, capacity 2022K, committed 2048K, reserved 1048576K
Event: 16,325 GC heap after
Heap after GC invocations=8 (full 0):
 PSYoungGen      total 73728K, used 5683K [0x00000000f5980000, 0x00000000faa80000, 0x0000000100000000)
  eden space 67584K, 0% used [0x00000000f5980000,0x00000000f5980000,0x00000000f9b80000)
  from space 6144K, 92% used [0x00000000fa280000,0x00000000fa80cf60,0x00000000fa880000)
  to   space 7168K, 0% used [0x00000000f9b80000,0x00000000f9b80000,0x00000000fa280000)
 ParOldGen       total 22016K, used 9105K [0x00000000e0c00000, 0x00000000e2180000, 0x00000000f5980000)
  object space 22016K, 41% used [0x00000000e0c00000,0x00000000e14e4680,0x00000000e2180000)
 Metaspace       used 15799K, capacity 16210K, committed 16384K, reserved 1062912K
  class space    used 1908K, capacity 2022K, committed 2048K, reserved 1048576K
}
Event: 23,517 GC heap before
{Heap before GC invocations=9 (full 0):
 PSYoungGen      total 73728K, used 73267K [0x00000000f5980000, 0x00000000faa80000, 0x0000000100000000)
  eden space 67584K, 100% used [0x00000000f5980000,0x00000000f9b80000,0x00000000f9b80000)
  from space 6144K, 92% used [0x00000000fa280000,0x00000000fa80cf60,0x00000000fa880000)
  to   space 7168K, 0% used [0x00000000f9b80000,0x00000000f9b80000,0x00000000fa280000)
 ParOldGen       total 22016K, used 9105K [0x00000000e0c00000, 0x00000000e2180000, 0x00000000f5980000)
  object space 22016K, 41% used [0x00000000e0c00000,0x00000000e14e4680,0x00000000e2180000)
 Metaspace       used 18024K, capacity 18458K, committed 18688K, reserved 1064960K
  class space    used 2182K, capacity 2302K, committed 2304K, reserved 1048576K
Event: 23,631 GC heap after
Heap after GC invocations=9 (full 0):
 PSYoungGen      total 74752K, used 7168K [0x00000000f5980000, 0x00000000fd580000, 0x0000000100000000)
  eden space 67584K, 0% used [0x00000000f5980000,0x00000000f5980000,0x00000000f9b80000)
  from space 7168K, 100% used [0x00000000f9b80000,0x00000000fa280000,0x00000000fa280000)
  to   space 9216K, 0% used [0x00000000fcc80000,0x00000000fcc80000,0x00000000fd580000)
 ParOldGen       total 22016K, used 11851K [0x00000000e0c00000, 0x00000000e2180000, 0x00000000f5980000)
  object space 22016K, 53% used [0x00000000e0c00000,0x00000000e1792c88,0x00000000e2180000)
 Metaspace       used 18024K, capacity 18458K, committed 18688K, reserved 1064960K
  class space    used 2182K, capacity 2302K, committed 2304K, reserved 1048576K
}
Event: 27,045 GC heap before
{Heap before GC invocations=10 (full 0):
 PSYoungGen      total 74752K, used 34182K [0x00000000f5980000, 0x00000000fd580000, 0x0000000100000000)
  eden space 67584K, 39% used [0x00000000f5980000,0x00000000f73e1800,0x00000000f9b80000)
  from space 7168K, 100% used [0x00000000f9b80000,0x00000000fa280000,0x00000000fa280000)
  to   space 9216K, 0% used [0x00000000fcc80000,0x00000000fcc80000,0x00000000fd580000)
 ParOldGen       total 22016K, used 11851K [0x00000000e0c00000, 0x00000000e2180000, 0x00000000f5980000)
  object space 22016K, 53% used [0x00000000e0c00000,0x00000000e1792c88,0x00000000e2180000)
 Metaspace       used 20648K, capacity 21214K, committed 21296K, reserved 1069056K
  class space    used 2542K, capacity 2670K, committed 2688K, reserved 1048576K
Event: 27,080 GC heap after
Heap after GC invocations=10 (full 0):
 PSYoungGen      total 116736K, used 4499K [0x00000000f5980000, 0x00000000fd480000, 0x0000000100000000)
  eden space 108544K, 0% used [0x00000000f5980000,0x00000000f5980000,0x00000000fc380000)
  from space 8192K, 54% used [0x00000000fcc80000,0x00000000fd0e4f58,0x00000000fd480000)
  to   space 8704K, 0% used [0x00000000fc380000,0x00000000fc380000,0x00000000fcc00000)
 ParOldGen       total 22016K, used 15475K [0x00000000e0c00000, 0x00000000e2180000, 0x00000000f5980000)
  object space 22016K, 70% used [0x00000000e0c00000,0x00000000e1b1cc88,0x00000000e2180000)
 Metaspace       used 20648K, capacity 21214K, committed 21296K, reserved 1069056K
  class space    used 2542K, capacity 2670K, committed 2688K, reserved 1048576K
}
Event: 27,080 GC heap before
{Heap before GC invocations=11 (full 1):
 PSYoungGen      total 116736K, used 4499K [0x00000000f5980000, 0x00000000fd480000, 0x0000000100000000)
  eden space 108544K, 0% used [0x00000000f5980000,0x00000000f5980000,0x00000000fc380000)
  from space 8192K, 54% used [0x00000000fcc80000,0x00000000fd0e4f58,0x00000000fd480000)
  to   space 8704K, 0% used [0x00000000fc380000,0x00000000fc380000,0x00000000fcc00000)
 ParOldGen       total 22016K, used 15475K [0x00000000e0c00000, 0x00000000e2180000, 0x00000000f5980000)
  object space 22016K, 70% used [0x00000000e0c00000,0x00000000e1b1cc88,0x00000000e2180000)
 Metaspace       used 20648K, capacity 21214K, committed 21296K, reserved 1069056K
  class space    used 2542K, capacity 2670K, committed 2688K, reserved 1048576K
Event: 27,366 GC heap after
Heap after GC invocations=11 (full 1):
 PSYoungGen      total 116736K, used 0K [0x00000000f5980000, 0x00000000fd480000, 0x0000000100000000)
  eden space 108544K, 0% used [0x00000000f5980000,0x00000000f5980000,0x00000000fc380000)
  from space 8192K, 0% used [0x00000000fcc80000,0x00000000fcc80000,0x00000000fd480000)
  to   space 8704K, 0% used [0x00000000fc380000,0x00000000fc380000,0x00000000fcc00000)
 ParOldGen       total 31232K, used 14978K [0x00000000e0c00000, 0x00000000e2a80000, 0x00000000f5980000)
  object space 31232K, 47% used [0x00000000e0c00000,0x00000000e1aa0928,0x00000000e2a80000)
 Metaspace       used 20648K, capacity 21214K, committed 21296K, reserved 1069056K
  class space    used 2542K, capacity 2670K, committed 2688K, reserved 1048576K
}
Event: 56,094 GC heap before
{Heap before GC invocations=12 (full 1):
 PSYoungGen      total 116736K, used 108544K [0x00000000f5980000, 0x00000000fd480000, 0x0000000100000000)
  eden space 108544K, 100% used [0x00000000f5980000,0x00000000fc380000,0x00000000fc380000)
  from space 8192K, 0% used [0x00000000fcc80000,0x00000000fcc80000,0x00000000fd480000)
  to   space 8704K, 0% used [0x00000000fc380000,0x00000000fc380000,0x00000000fcc00000)
 ParOldGen       total 31232K, used 14978K [0x00000000e0c00000, 0x00000000e2a80000, 0x00000000f5980000)
  object space 31232K, 47% used [0x00000000e0c00000,0x00000000e1aa0928,0x00000000e2a80000)
 Metaspace       used 33820K, capacity 34412K, committed 34688K, reserved 1079296K
  class space    used 3958K, capacity 4147K, committed 4224K, reserved 1048576K

